<?xml version="1.0" encoding="UTF-8"?>
<Site BuildName="Win32-MSBuild"
	BuildStamp="20240509-0151-Experimental"
	Name="JadonPredator"
	Generator="ctest-3.24.0-rc2"
	CompilerName="D:/Visual Studio/Community/VC/Tools/MSVC/14.36.32532/bin/Hostx86/x86/cl.exe"
	CompilerVersion="19.36.32537.0"
	OSName="Windows"
	Hostname="JadonPredator"
	OSRelease=" Personal"
	OSVersion=" (Build 19045)"
	OSPlatform="AMD64"
	Is64Bits="1"
	VendorString="GenuineIntel"
	VendorID="Intel Corporation"
	FamilyID="6"
	ModelID="14"
	ProcessorCacheSize="-1"
	NumberOfLogicalCPU="8"
	NumberOfPhysicalCPU="4"
	TotalVirtualMemory="35083"
	TotalPhysicalMemory="16267"
	LogicalProcessorsPerPhysical="2"
	ProcessorClockFrequency="2808"
	>
	<Testing>
		<StartDateTime>May 08 19:52 Pacific Daylight Time</StartDateTime>
		<StartTestTime>1715223134</StartTestTime>
		<TestList/>
		<EndDateTime>May 08 19:52 Pacific Daylight Time</EndDateTime>
		<EndTestTime>1715223134</EndTestTime>
		<ElapsedMinutes>0</ElapsedMinutes>
	</Testing>
</Site>
